#
# There is insufficient memory for the Java Runtime Environment to continue.
# Native memory allocation (malloc) failed to allocate 1901456 bytes. Error detail: Chunk::new
# Possible reasons:
#   The system is out of physical RAM or swap space
#   This process is running with CompressedOops enabled, and the Java Heap may be blocking the growth of the native heap
# Possible solutions:
#   Reduce memory load on the system
#   Increase physical memory or swap space
#   Check if swap backing store is full
#   Decrease Java heap size (-Xmx/-Xms)
#   Decrease number of Java threads
#   Decrease Java thread stack sizes (-Xss)
#   Set larger code cache with -XX:ReservedCodeCacheSize=
#   JVM is running with Unscaled Compressed Oops mode in which the Java heap is
#     placed in the first 4GB address space. The Java Heap base address is the
#     maximum limit for the native heap growth. Please use -XX:HeapBaseMinAddress
#     to set the Java Heap base and to place the Java Heap above 4GB virtual address.
# This output file may be truncated or incomplete.
#
#  Out of Memory Error (arena.cpp:149), pid=5168, tid=23608
#
# JRE version: Java(TM) SE Runtime Environment (23.0.1+11) (build 23.0.1+11-39)
# Java VM: Java HotSpot(TM) 64-Bit Server VM (23.0.1+11-39, mixed mode, sharing, tiered, compressed oops, compressed class ptrs, g1 gc, windows-amd64)
# No core dump will be written. Minidumps are not enabled by default on client versions of Windows
#

---------------  S U M M A R Y ------------

Command Line: -Dclassworlds.conf=C:\Users\Kharlyne\Downloads\apache-maven-3.9.9-bin\apache-maven-3.9.9\bin\m2.conf -Dmaven.home=C:\Users\Kharlyne\Downloads\apache-maven-3.9.9-bin\apache-maven-3.9.9 -Dlibrary.jansi.path=C:\Users\Kharlyne\Downloads\apache-maven-3.9.9-bin\apache-maven-3.9.9\lib\jansi-native -Dmaven.multiModuleProjectDirectory=C:\Users\Kharlyne\Downloads\SWTP\TippHubPlattform\Backend org.codehaus.plexus.classworlds.launcher.Launcher compile exec:java

Host: AMD Ryzen 5 5600H with Radeon Graphics         , 12 cores, 3G,  Windows 11 , 64 bit Build 26100 (10.0.26100.3912)
Time: Sat Jul 12 03:23:06 2025 Europe de l , 64 bit Build 26100 (10.0.26100.3912) elapsed time: 8.940971 seconds (0d 0h 0m 8s)

---------------  T H R E A D  ---------------

Current thread (0x00000260ae8757a0):  JavaThread "C2 CompilerThread0" daemon [_thread_in_native, id=23608, stack(0x0000007d12000000,0x0000007d12100000) (1024K)]


Current CompileTask:
C2:8941 5849   !   4       com.sun.tools.javac.jvm.ClassReader::classSigToType (530 bytes)

Stack: [0x0000007d12000000,0x0000007d12100000]
Native frames: (J=compiled Java code, j=interpreted, Vv=VM code, C=native code)
V  [jvm.dll+0x6e08b9]  (no source info available)
V  [jvm.dll+0x87dc83]  (no source info available)
V  [jvm.dll+0x88010e]  (no source info available)
V  [jvm.dll+0x8807e3]  (no source info available)
V  [jvm.dll+0x27aee6]  (no source info available)
V  [jvm.dll+0xbc06f]  (no source info available)
V  [jvm.dll+0xbc2cb]  (no source info available)
V  [jvm.dll+0x3b3a62]  (no source info available)
V  [jvm.dll+0x38a42b]  (no source info available)
V  [jvm.dll+0x38989a]  (no source info available)
V  [jvm.dll+0x244aa1]  (no source info available)
V  [jvm.dll+0x243dff]  (no source info available)
V  [jvm.dll+0x1c33a0]  (no source info available)
V  [jvm.dll+0x253cf1]  (no source info available)
V  [jvm.dll+0x251faa]  (no source info available)
V  [jvm.dll+0x3ee036]  (no source info available)
V  [jvm.dll+0x824f8b]  (no source info available)
V  [jvm.dll+0x6df065]  (no source info available)
C  [ucrtbase.dll+0x37b0]  (no source info available)
C  [KERNEL32.DLL+0x2e8d7]  (no source info available)
C  [ntdll.dll+0x9c5dc]  (no source info available)

Lock stack of current Java thread (top to bottom):


---------------  P R O C E S S  ---------------

Threads class SMR info:
_java_thread_list=0x00000260f5c95110, length=12, elements={
0x00000260909b5de0, 0x00000260ae861e90, 0x00000260ae864900, 0x00000260ae865820,
0x00000260ae866700, 0x00000260ae86f170, 0x00000260ae86fd00, 0x00000260ae8757a0,
0x00000260ae889460, 0x00000260ae9d1ed0, 0x00000260ae9d8d70, 0x00000260f512bde0
}

Java Threads: ( => current thread )
  0x00000260909b5de0 JavaThread "main"                              [_thread_in_Java, id=2968, stack(0x0000007d11200000,0x0000007d11300000) (1024K)]
  0x00000260ae861e90 JavaThread "Reference Handler"          daemon [_thread_blocked, id=6200, stack(0x0000007d11a00000,0x0000007d11b00000) (1024K)]
  0x00000260ae864900 JavaThread "Finalizer"                  daemon [_thread_blocked, id=9304, stack(0x0000007d11b00000,0x0000007d11c00000) (1024K)]
  0x00000260ae865820 JavaThread "Signal Dispatcher"          daemon [_thread_blocked, id=2604, stack(0x0000007d11c00000,0x0000007d11d00000) (1024K)]
  0x00000260ae866700 JavaThread "Attach Listener"            daemon [_thread_blocked, id=21288, stack(0x0000007d11d00000,0x0000007d11e00000) (1024K)]
  0x00000260ae86f170 JavaThread "Service Thread"             daemon [_thread_blocked, id=8648, stack(0x0000007d11e00000,0x0000007d11f00000) (1024K)]
  0x00000260ae86fd00 JavaThread "Monitor Deflation Thread"   daemon [_thread_blocked, id=18844, stack(0x0000007d11f00000,0x0000007d12000000) (1024K)]
=>0x00000260ae8757a0 JavaThread "C2 CompilerThread0"         daemon [_thread_in_native, id=23608, stack(0x0000007d12000000,0x0000007d12100000) (1024K)]
  0x00000260ae889460 JavaThread "C1 CompilerThread0"         daemon [_thread_in_native, id=20436, stack(0x0000007d12100000,0x0000007d12200000) (1024K)]
  0x00000260ae9d1ed0 JavaThread "Notification Thread"        daemon [_thread_blocked, id=13660, stack(0x0000007d12200000,0x0000007d12300000) (1024K)]
  0x00000260ae9d8d70 JavaThread "Common-Cleaner"             daemon [_thread_blocked, id=14928, stack(0x0000007d12300000,0x0000007d12400000) (1024K)]
  0x00000260f512bde0 JavaThread "Thread-1"                   daemon [_thread_blocked, id=10280, stack(0x0000007d12e00000,0x0000007d12f00000) (1024K)]
Total: 12

Other Threads:
  0x00000260ae84a650 VMThread "VM Thread"                           [id=14168, stack(0x0000007d11900000,0x0000007d11a00000) (1024K)]
  0x00000260ae8381d0 WatcherThread "VM Periodic Task Thread"        [id=20500, stack(0x0000007d11800000,0x0000007d11900000) (1024K)]
  0x0000026092f3ecb0 WorkerThread "GC Thread#0"                     [id=19332, stack(0x0000007d11300000,0x0000007d11400000) (1024K)]
  0x00000260f4b929a0 WorkerThread "GC Thread#1"                     [id=22780, stack(0x0000007d12500000,0x0000007d12600000) (1024K)]
  0x00000260f4af6b90 WorkerThread "GC Thread#2"                     [id=5144, stack(0x0000007d12600000,0x0000007d12700000) (1024K)]
  0x00000260f4a47920 WorkerThread "GC Thread#3"                     [id=5644, stack(0x0000007d12700000,0x0000007d12800000) (1024K)]
  0x00000260f4b2a3b0 WorkerThread "GC Thread#4"                     [id=17044, stack(0x0000007d12800000,0x0000007d12900000) (1024K)]
  0x00000260f4b2e770 WorkerThread "GC Thread#5"                     [id=23480, stack(0x0000007d12900000,0x0000007d12a00000) (1024K)]
  0x00000260f4b2eb20 WorkerThread "GC Thread#6"                     [id=18492, stack(0x0000007d12a00000,0x0000007d12b00000) (1024K)]
  0x00000260f4b2eed0 WorkerThread "GC Thread#7"                     [id=23840, stack(0x0000007d12b00000,0x0000007d12c00000) (1024K)]
  0x00000260f4b372a0 WorkerThread "GC Thread#8"                     [id=6380, stack(0x0000007d12c00000,0x0000007d12d00000) (1024K)]
  0x00000260f4f3f490 WorkerThread "GC Thread#9"                     [id=12760, stack(0x0000007d12d00000,0x0000007d12e00000) (1024K)]
  0x0000026092f49230 ConcurrentGCThread "G1 Main Marker"            [id=17872, stack(0x0000007d11400000,0x0000007d11500000) (1024K)]
  0x0000026092f4ad50 WorkerThread "G1 Conc#0"                       [id=24280, stack(0x0000007d11500000,0x0000007d11600000) (1024K)]
  0x00000260f4ec6e30 WorkerThread "G1 Conc#1"                       [id=11716, stack(0x0000007d12400000,0x0000007d12500000) (1024K)]
  0x00000260f4ec7590 WorkerThread "G1 Conc#2"                       [id=20060, stack(0x0000007d12f00000,0x0000007d13000000) (1024K)]
  0x0000026092fcafe0 ConcurrentGCThread "G1 Refine#0"               [id=21132, stack(0x0000007d11600000,0x0000007d11700000) (1024K)]
  0x0000026092fcd910 ConcurrentGCThread "G1 Service"                [id=23136, stack(0x0000007d11700000,0x0000007d11800000) (1024K)]
Total: 18

Threads with active compile tasks:
C2 CompilerThread0  9037 5849   !   4       com.sun.tools.javac.jvm.ClassReader::classSigToType (530 bytes)
C1 CompilerThread0  9037 6381       3       java.util.HashMap::putVal (300 bytes)
Total: 2

VM state: not at safepoint (normal execution)

VM Mutex/Monitor currently owned by a thread: None

Heap address: 0x00000000ca600000, size: 858 MB, Compressed Oops mode: 32-bit

CDS archive(s) mapped at: [0x00000260af000000-0x00000260afd70000-0x00000260afd70000), size 14090240, SharedBaseAddress: 0x00000260af000000, ArchiveRelocationMode: 1.
Compressed class space mapped at: 0x00000260b0000000-0x00000260f0000000, reserved size: 1073741824
Narrow klass base: 0x00000260af000000, Narrow klass shift: 0, Narrow klass range: 0x41000000

GC Precious Log:
 CardTable entry size: 512
 Card Set container configuration: InlinePtr #cards 5 size 8 Array Of Cards #cards 10 size 36 Howl #buckets 4 coarsen threshold 1843 Howl Bitmap #cards 512 size 80 coarsen threshold 460 Card regions per heap region 1 cards per card region 2048
 CPUs: 12 total, 12 available
 Memory: 3425M
 Large Page Support: Disabled
 NUMA Support: Disabled
 Compressed Oops: Enabled (32-bit)
 Heap Region Size: 1M
 Heap Min Capacity: 8M
 Heap Initial Capacity: 54M
 Heap Max Capacity: 858M
 Pre-touch: Disabled
 Parallel Workers: 10
 Concurrent Workers: 3
 Concurrent Refinement Workers: 10
 Periodic GC: Disabled

Heap:
 garbage-first heap   total reserved 878592K, committed 59392K, used 33466K [0x00000000ca600000, 0x0000000100000000)
  region size 1024K, 17 young (17408K), 5 survivors (5120K)
 Metaspace       used 27282K, committed 27648K, reserved 1114112K
  class space    used 3254K, committed 3456K, reserved 1048576K

Heap Regions: E=young(eden), S=young(survivor), O=old, HS=humongous(starts), HC=humongous(continues), CS=collection set, F=free, TAMS=top-at-mark-start, PB=parsable bottom
|   0|0x00000000ca600000, 0x00000000ca700000, 0x00000000ca700000|100%| O|  |TAMS 0x00000000ca600000| PB 0x00000000ca600000| Untracked |  0
|   1|0x00000000ca700000, 0x00000000ca800000, 0x00000000ca800000|100%| O|  |TAMS 0x00000000ca700000| PB 0x00000000ca700000| Untracked |  0
|   2|0x00000000ca800000, 0x00000000ca900000, 0x00000000ca900000|100%| O|  |TAMS 0x00000000ca800000| PB 0x00000000ca800000| Untracked |  0
|   3|0x00000000ca900000, 0x00000000caa00000, 0x00000000caa00000|100%| O|  |TAMS 0x00000000ca900000| PB 0x00000000ca900000| Untracked |  0
|   4|0x00000000caa00000, 0x00000000cab00000, 0x00000000cab00000|100%| O|  |TAMS 0x00000000caa00000| PB 0x00000000caa00000| Untracked |  0
|   5|0x00000000cab00000, 0x00000000cac00000, 0x00000000cac00000|100%| O|  |TAMS 0x00000000cab00000| PB 0x00000000cab00000| Untracked |  0
|   6|0x00000000cac00000, 0x00000000cad00000, 0x00000000cad00000|100%| O|  |TAMS 0x00000000cac00000| PB 0x00000000cac00000| Untracked |  0
|   7|0x00000000cad00000, 0x00000000cae00000, 0x00000000cae00000|100%| O|Cm|TAMS 0x00000000cad00000| PB 0x00000000cad00000| Complete |  0
|   8|0x00000000cae00000, 0x00000000caf00000, 0x00000000caf00000|100%| O|  |TAMS 0x00000000cae00000| PB 0x00000000cae00000| Untracked |  0
|   9|0x00000000caf00000, 0x00000000cb000000, 0x00000000cb000000|100%| O|  |TAMS 0x00000000caf00000| PB 0x00000000caf00000| Untracked |  0
|  10|0x00000000cb000000, 0x00000000cb0f5118, 0x00000000cb100000| 95%| O|  |TAMS 0x00000000cb000000| PB 0x00000000cb000000| Untracked |  0
|  11|0x00000000cb100000, 0x00000000cb100000, 0x00000000cb200000|  0%| F|  |TAMS 0x00000000cb100000| PB 0x00000000cb100000| Untracked |  0
|  12|0x00000000cb200000, 0x00000000cb200000, 0x00000000cb300000|  0%| F|  |TAMS 0x00000000cb200000| PB 0x00000000cb200000| Untracked |  0
|  13|0x00000000cb300000, 0x00000000cb300000, 0x00000000cb400000|  0%| F|  |TAMS 0x00000000cb300000| PB 0x00000000cb300000| Untracked |  0
|  14|0x00000000cb400000, 0x00000000cb400000, 0x00000000cb500000|  0%| F|  |TAMS 0x00000000cb400000| PB 0x00000000cb400000| Untracked |  0
|  15|0x00000000cb500000, 0x00000000cb500000, 0x00000000cb600000|  0%| F|  |TAMS 0x00000000cb500000| PB 0x00000000cb500000| Untracked |  0
|  16|0x00000000cb600000, 0x00000000cb600000, 0x00000000cb700000|  0%| F|  |TAMS 0x00000000cb600000| PB 0x00000000cb600000| Untracked |  0
|  17|0x00000000cb700000, 0x00000000cb700000, 0x00000000cb800000|  0%| F|  |TAMS 0x00000000cb700000| PB 0x00000000cb700000| Untracked |  0
|  18|0x00000000cb800000, 0x00000000cb800000, 0x00000000cb900000|  0%| F|  |TAMS 0x00000000cb800000| PB 0x00000000cb800000| Untracked |  0
|  19|0x00000000cb900000, 0x00000000cb900000, 0x00000000cba00000|  0%| F|  |TAMS 0x00000000cb900000| PB 0x00000000cb900000| Untracked |  0
|  20|0x00000000cba00000, 0x00000000cba00000, 0x00000000cbb00000|  0%| F|  |TAMS 0x00000000cba00000| PB 0x00000000cba00000| Untracked |  0
|  21|0x00000000cbb00000, 0x00000000cbb00000, 0x00000000cbc00000|  0%| F|  |TAMS 0x00000000cbb00000| PB 0x00000000cbb00000| Untracked |  0
|  22|0x00000000cbc00000, 0x00000000cbc00000, 0x00000000cbd00000|  0%| F|  |TAMS 0x00000000cbc00000| PB 0x00000000cbc00000| Untracked |  0
|  23|0x00000000cbd00000, 0x00000000cbd00000, 0x00000000cbe00000|  0%| F|  |TAMS 0x00000000cbd00000| PB 0x00000000cbd00000| Untracked |  0
|  24|0x00000000cbe00000, 0x00000000cbe00000, 0x00000000cbf00000|  0%| F|  |TAMS 0x00000000cbe00000| PB 0x00000000cbe00000| Untracked |  0
|  25|0x00000000cbf00000, 0x00000000cbf00000, 0x00000000cc000000|  0%| F|  |TAMS 0x00000000cbf00000| PB 0x00000000cbf00000| Untracked |  0
|  26|0x00000000cc000000, 0x00000000cc000000, 0x00000000cc100000|  0%| F|  |TAMS 0x00000000cc000000| PB 0x00000000cc000000| Untracked |  0
|  27|0x00000000cc100000, 0x00000000cc100000, 0x00000000cc200000|  0%| F|  |TAMS 0x00000000cc100000| PB 0x00000000cc100000| Untracked |  0
|  28|0x00000000cc200000, 0x00000000cc200000, 0x00000000cc300000|  0%| F|  |TAMS 0x00000000cc200000| PB 0x00000000cc200000| Untracked |  0
|  29|0x00000000cc300000, 0x00000000cc300000, 0x00000000cc400000|  0%| F|  |TAMS 0x00000000cc300000| PB 0x00000000cc300000| Untracked |  0
|  30|0x00000000cc400000, 0x00000000cc400000, 0x00000000cc500000|  0%| F|  |TAMS 0x00000000cc400000| PB 0x00000000cc400000| Untracked |  0
|  31|0x00000000cc500000, 0x00000000cc500000, 0x00000000cc600000|  0%| F|  |TAMS 0x00000000cc500000| PB 0x00000000cc500000| Untracked |  0
|  32|0x00000000cc600000, 0x00000000cc600000, 0x00000000cc700000|  0%| F|  |TAMS 0x00000000cc600000| PB 0x00000000cc600000| Untracked |  0
|  33|0x00000000cc700000, 0x00000000cc700000, 0x00000000cc800000|  0%| F|  |TAMS 0x00000000cc700000| PB 0x00000000cc700000| Untracked |  0
|  34|0x00000000cc800000, 0x00000000cc800000, 0x00000000cc900000|  0%| F|  |TAMS 0x00000000cc800000| PB 0x00000000cc800000| Untracked |  0
|  35|0x00000000cc900000, 0x00000000cc980000, 0x00000000cca00000| 50%| E|  |TAMS 0x00000000cc900000| PB 0x00000000cc900000| Complete |  0
|  36|0x00000000cca00000, 0x00000000ccb00000, 0x00000000ccb00000|100%| E|CS|TAMS 0x00000000cca00000| PB 0x00000000cca00000| Complete |  0
|  37|0x00000000ccb00000, 0x00000000ccc00000, 0x00000000ccc00000|100%| E|CS|TAMS 0x00000000ccb00000| PB 0x00000000ccb00000| Complete |  0
|  38|0x00000000ccc00000, 0x00000000ccd00000, 0x00000000ccd00000|100%| E|CS|TAMS 0x00000000ccc00000| PB 0x00000000ccc00000| Complete |  1
|  39|0x00000000ccd00000, 0x00000000cce00000, 0x00000000cce00000|100%| E|CS|TAMS 0x00000000ccd00000| PB 0x00000000ccd00000| Complete |  0
|  40|0x00000000cce00000, 0x00000000ccf00000, 0x00000000ccf00000|100%| E|CS|TAMS 0x00000000cce00000| PB 0x00000000cce00000| Complete |  0
|  41|0x00000000ccf00000, 0x00000000cd000000, 0x00000000cd000000|100%| E|CS|TAMS 0x00000000ccf00000| PB 0x00000000ccf00000| Complete |  0
|  42|0x00000000cd000000, 0x00000000cd100000, 0x00000000cd100000|100%| E|CS|TAMS 0x00000000cd000000| PB 0x00000000cd000000| Complete |  0
|  43|0x00000000cd100000, 0x00000000cd200000, 0x00000000cd200000|100%| S|CS|TAMS 0x00000000cd100000| PB 0x00000000cd100000| Complete |  0
|  44|0x00000000cd200000, 0x00000000cd300000, 0x00000000cd300000|100%| S|CS|TAMS 0x00000000cd200000| PB 0x00000000cd200000| Complete |  0
|  45|0x00000000cd300000, 0x00000000cd400000, 0x00000000cd400000|100%| S|CS|TAMS 0x00000000cd300000| PB 0x00000000cd300000| Complete |  0
|  46|0x00000000cd400000, 0x00000000cd500000, 0x00000000cd500000|100%| S|CS|TAMS 0x00000000cd400000| PB 0x00000000cd400000| Complete |  0
|  47|0x00000000cd500000, 0x00000000cd600000, 0x00000000cd600000|100%| S|CS|TAMS 0x00000000cd500000| PB 0x00000000cd500000| Complete |  0
|  58|0x00000000ce000000, 0x00000000ce100000, 0x00000000ce100000|100%| E|CS|TAMS 0x00000000ce000000| PB 0x00000000ce000000| Complete |  0
|  59|0x00000000ce100000, 0x00000000ce200000, 0x00000000ce200000|100%| E|CS|TAMS 0x00000000ce100000| PB 0x00000000ce100000| Complete |  0
|  60|0x00000000ce200000, 0x00000000ce300000, 0x00000000ce300000|100%| E|CS|TAMS 0x00000000ce200000| PB 0x00000000ce200000| Complete |  0
|  64|0x00000000ce600000, 0x00000000ce700000, 0x00000000ce700000|100%| E|CS|TAMS 0x00000000ce600000| PB 0x00000000ce600000| Complete |  0
| 852|0x00000000ffa00000, 0x00000000ffab97f0, 0x00000000ffb00000| 72%| O|  |TAMS 0x00000000ffa00000| PB 0x00000000ffa00000| Untracked |  0
| 853|0x00000000ffb00000, 0x00000000ffc00000, 0x00000000ffc00000|100%| O|  |TAMS 0x00000000ffb00000| PB 0x00000000ffb00000| Untracked |  0
| 854|0x00000000ffc00000, 0x00000000ffd00000, 0x00000000ffd00000|100%| O|  |TAMS 0x00000000ffc00000| PB 0x00000000ffc00000| Untracked |  0
| 855|0x00000000ffd00000, 0x00000000ffe00000, 0x00000000ffe00000|100%| O|  |TAMS 0x00000000ffd00000| PB 0x00000000ffd00000| Untracked |  0
| 856|0x00000000ffe00000, 0x00000000fff00000, 0x00000000fff00000|100%| O|  |TAMS 0x00000000ffe00000| PB 0x00000000ffe00000| Untracked |  0
| 857|0x00000000fff00000, 0x0000000100000000, 0x0000000100000000|100%| O|  |TAMS 0x00000000fff00000| PB 0x00000000fff00000| Untracked |  0

Card table byte_map: [0x00000260aad40000,0x00000260aaef0000] _byte_map_base: 0x00000260aa6ed000

Marking Bits: (CMBitMap*) 0x0000026092f3f3c0
 Bits: [0x00000260aaef0000, 0x00000260abc58000)

Polling page: 0x0000026090c70000

Metaspace:

Usage:
  Non-class:     23.48 MB used.
      Class:      3.18 MB used.
       Both:     26.67 MB used.

Virtual space:
  Non-class space:       64.00 MB reserved,      23.69 MB ( 37%) committed,  1 nodes.
      Class space:        1.00 GB reserved,       3.38 MB ( <1%) committed,  1 nodes.
             Both:        1.06 GB reserved,      27.06 MB (  2%) committed. 

Chunk freelists:
   Non-Class:  8.34 MB
       Class:  12.66 MB
        Both:  21.00 MB

MaxMetaspaceSize: unlimited
CompressedClassSpaceSize: 1.00 GB
Initial GC threshold: 21.00 MB
Current GC threshold: 35.25 MB
CDS: on
 - commit_granule_bytes: 65536.
 - commit_granule_words: 8192.
 - virtual_space_node_default_size: 8388608.
 - enlarge_chunks_in_place: 1.
 - use_allocation_guard: 0.


Internal statistics:

num_allocs_failed_limit: 3.
num_arena_births: 278.
num_arena_deaths: 0.
num_vsnodes_births: 2.
num_vsnodes_deaths: 0.
num_space_committed: 433.
num_space_uncommitted: 0.
num_chunks_returned_to_freelist: 3.
num_chunks_taken_from_freelist: 1211.
num_chunk_merges: 3.
num_chunk_splits: 883.
num_chunks_enlarged: 709.
num_inconsistent_stats: 0.

CodeHeap 'non-profiled nmethods': size=120064Kb used=2199Kb max_used=2199Kb free=117864Kb
 bounds [0x00000260a3100000, 0x00000260a3370000, 0x00000260aa640000]
CodeHeap 'profiled nmethods': size=120000Kb used=9857Kb max_used=9857Kb free=110142Kb
 bounds [0x000002609b640000, 0x000002609bff0000, 0x00000260a2b70000]
CodeHeap 'non-nmethods': size=5696Kb used=1464Kb max_used=1496Kb free=4231Kb
 bounds [0x00000260a2b70000, 0x00000260a2de0000, 0x00000260a3100000]
CodeCache: size=245760Kb, used=13520Kb, max_used=13552Kb, free=232237Kb
 total_blobs=6899, nmethods=6341, adapters=463, full_count=0
Compilation: enabled, stopped_count=0, restarted_count=0

Compilation events (20 events):
Event: 7.891 Thread 0x00000260ae889460 6037       2       com.sun.tools.javac.code.Type::isErroneous (34 bytes)
Event: 7.891 Thread 0x00000260ae889460 nmethod 6037 0x000002609bf61508 code [0x000002609bf61640, 0x000002609bf61858]
Event: 7.891 Thread 0x00000260ae889460 6036       2       com.sun.tools.javac.code.Types$TypeMapping::lambda$visit$0 (10 bytes)
Event: 7.891 Thread 0x00000260ae889460 nmethod 6036 0x000002609bf61888 code [0x000002609bf619a0, 0x000002609bf61b20]
Event: 7.891 Thread 0x00000260ae889460 6038       2       com.sun.tools.javac.code.Types$MapVisitor::<init> (5 bytes)
Event: 7.891 Thread 0x00000260ae889460 nmethod 6038 0x000002609bf61b88 code [0x000002609bf61ca0, 0x000002609bf61da8]
Event: 7.891 Thread 0x00000260ae889460 6039       2       com.sun.tools.javac.code.Types$TypeMapping::<init> (5 bytes)
Event: 7.891 Thread 0x00000260ae889460 nmethod 6039 0x000002609bf61e88 code [0x000002609bf61fa0, 0x000002609bf620a8]
Event: 7.891 Thread 0x00000260ae889460 6040       2       com.sun.tools.javac.code.Type$StructuralTypeMapping::<init> (5 bytes)
Event: 7.891 Thread 0x00000260ae889460 nmethod 6040 0x000002609bf62188 code [0x000002609bf622a0, 0x000002609bf623a8]
Event: 7.893 Thread 0x00000260ae889460 6041       2       com.sun.tools.javac.comp.Resolve::findIdentInPackage (22 bytes)
Event: 7.893 Thread 0x00000260ae889460 nmethod 6041 0x000002609bf62488 code [0x000002609bf625c0, 0x000002609bf62760]
Event: 7.893 Thread 0x00000260ae889460 6043       2       com.sun.tools.javac.code.Type$ClassType::isErroneous (50 bytes)
Event: 7.894 Thread 0x00000260ae889460 nmethod 6043 0x000002609bf62788 code [0x000002609bf62900, 0x000002609bf62c28]
Event: 7.894 Thread 0x00000260ae889460 6042       2       com.sun.tools.javac.comp.Resolve::findIdentInPackageInternal (140 bytes)
Event: 7.894 Thread 0x00000260ae889460 nmethod 6042 0x000002609bf62c88 code [0x000002609bf62e00, 0x000002609bf63290]
Event: 7.894 Thread 0x00000260ae889460 6045       2       com.sun.tools.javac.code.Type$StructuralTypeMapping::visitClassType (67 bytes)
Event: 7.895 Thread 0x00000260ae889460 nmethod 6045 0x000002609bf63308 code [0x000002609bf634a0, 0x000002609bf63918]
Event: 7.895 Thread 0x00000260ae889460 6044       1       com.sun.tools.javac.comp.Resolve$MethodResolutionPhase::isBoxingRequired (5 bytes)
Event: 7.895 Thread 0x00000260ae889460 nmethod 6044 0x00000260a3322608 code [0x00000260a3322720, 0x00000260a33227f0]

GC Heap History (16 events):
Event: 0.510 GC heap before
{Heap before GC invocations=0 (full 0):
 garbage-first heap   total reserved 878592K, committed 55296K, used 23552K [0x00000000ca600000, 0x0000000100000000)
  region size 1024K, 24 young (24576K), 0 survivors (0K)
 Metaspace       used 5950K, committed 6144K, reserved 1114112K
  class space    used 735K, committed 832K, reserved 1048576K
}
Event: 0.518 GC heap after
{Heap after GC invocations=1 (full 0):
 garbage-first heap   total reserved 878592K, committed 55296K, used 4032K [0x00000000ca600000, 0x0000000100000000)
  region size 1024K, 3 young (3072K), 3 survivors (3072K)
 Metaspace       used 5950K, committed 6144K, reserved 1114112K
  class space    used 735K, committed 832K, reserved 1048576K
}
Event: 0.872 GC heap before
{Heap before GC invocations=1 (full 0):
 garbage-first heap   total reserved 878592K, committed 55296K, used 26560K [0x00000000ca600000, 0x0000000100000000)
  region size 1024K, 25 young (25600K), 3 survivors (3072K)
 Metaspace       used 8607K, committed 8768K, reserved 1114112K
  class space    used 1054K, committed 1152K, reserved 1048576K
}
Event: 0.877 GC heap after
{Heap after GC invocations=2 (full 0):
 garbage-first heap   total reserved 878592K, committed 55296K, used 4996K [0x00000000ca600000, 0x0000000100000000)
  region size 1024K, 1 young (1024K), 1 survivors (1024K)
 Metaspace       used 8607K, committed 8768K, reserved 1114112K
  class space    used 1054K, committed 1152K, reserved 1048576K
}
Event: 1.429 GC heap before
{Heap before GC invocations=2 (full 0):
 garbage-first heap   total reserved 878592K, committed 55296K, used 32644K [0x00000000ca600000, 0x0000000100000000)
  region size 1024K, 28 young (28672K), 1 survivors (1024K)
 Metaspace       used 14127K, committed 14400K, reserved 1114112K
  class space    used 1780K, committed 1920K, reserved 1048576K
}
Event: 1.436 GC heap after
{Heap after GC invocations=3 (full 0):
 garbage-first heap   total reserved 878592K, committed 55296K, used 7829K [0x00000000ca600000, 0x0000000100000000)
  region size 1024K, 4 young (4096K), 4 survivors (4096K)
 Metaspace       used 14127K, committed 14400K, reserved 1114112K
  class space    used 1780K, committed 1920K, reserved 1048576K
}
Event: 1.924 GC heap before
{Heap before GC invocations=3 (full 0):
 garbage-first heap   total reserved 878592K, committed 55296K, used 35477K [0x00000000ca600000, 0x0000000100000000)
  region size 1024K, 31 young (31744K), 4 survivors (4096K)
 Metaspace       used 15917K, committed 16128K, reserved 1114112K
  class space    used 1956K, committed 2048K, reserved 1048576K
}
Event: 1.932 GC heap after
{Heap after GC invocations=4 (full 0):
 garbage-first heap   total reserved 878592K, committed 55296K, used 9612K [0x00000000ca600000, 0x0000000100000000)
  region size 1024K, 2 young (2048K), 2 survivors (2048K)
 Metaspace       used 15917K, committed 16128K, reserved 1114112K
  class space    used 1956K, committed 2048K, reserved 1048576K
}
Event: 2.512 GC heap before
{Heap before GC invocations=4 (full 0):
 garbage-first heap   total reserved 878592K, committed 55296K, used 38284K [0x00000000ca600000, 0x0000000100000000)
  region size 1024K, 30 young (30720K), 2 survivors (2048K)
 Metaspace       used 17091K, committed 17408K, reserved 1114112K
  class space    used 2082K, committed 2176K, reserved 1048576K
}
Event: 2.518 GC heap after
{Heap after GC invocations=5 (full 0):
 garbage-first heap   total reserved 878592K, committed 66560K, used 11776K [0x00000000ca600000, 0x0000000100000000)
  region size 1024K, 4 young (4096K), 4 survivors (4096K)
 Metaspace       used 17091K, committed 17408K, reserved 1114112K
  class space    used 2082K, committed 2176K, reserved 1048576K
}
Event: 4.135 GC heap before
{Heap before GC invocations=5 (full 0):
 garbage-first heap   total reserved 878592K, committed 66560K, used 45568K [0x00000000ca600000, 0x0000000100000000)
  region size 1024K, 37 young (37888K), 4 survivors (4096K)
 Metaspace       used 19448K, committed 19776K, reserved 1114112K
  class space    used 2328K, committed 2496K, reserved 1048576K
}
Event: 4.143 GC heap after
{Heap after GC invocations=6 (full 0):
 garbage-first heap   total reserved 878592K, committed 66560K, used 13064K [0x00000000ca600000, 0x0000000100000000)
  region size 1024K, 4 young (4096K), 4 survivors (4096K)
 Metaspace       used 19448K, committed 19776K, reserved 1114112K
  class space    used 2328K, committed 2496K, reserved 1048576K
}
Event: 4.294 GC heap before
{Heap before GC invocations=6 (full 0):
 garbage-first heap   total reserved 878592K, committed 66560K, used 16136K [0x00000000ca600000, 0x0000000100000000)
  region size 1024K, 8 young (8192K), 4 survivors (4096K)
 Metaspace       used 21178K, committed 21504K, reserved 1114112K
  class space    used 2581K, committed 2752K, reserved 1048576K
}
Event: 4.299 GC heap after
{Heap after GC invocations=7 (full 0):
 garbage-first heap   total reserved 878592K, committed 66560K, used 13948K [0x00000000ca600000, 0x0000000100000000)
  region size 1024K, 3 young (3072K), 3 survivors (3072K)
 Metaspace       used 21178K, committed 21504K, reserved 1114112K
  class space    used 2581K, committed 2752K, reserved 1048576K
}
Event: 4.791 GC heap before
{Heap before GC invocations=8 (full 0):
 garbage-first heap   total reserved 878592K, committed 48128K, used 47740K [0x00000000ca600000, 0x0000000100000000)
  region size 1024K, 36 young (36864K), 3 survivors (3072K)
 Metaspace       used 26096K, committed 26432K, reserved 1114112K
  class space    used 3125K, committed 3264K, reserved 1048576K
}
Event: 5.816 GC heap after
{Heap after GC invocations=9 (full 0):
 garbage-first heap   total reserved 878592K, committed 59392K, used 22202K [0x00000000ca600000, 0x0000000100000000)
  region size 1024K, 5 young (5120K), 5 survivors (5120K)
 Metaspace       used 26096K, committed 26432K, reserved 1114112K
  class space    used 3125K, committed 3264K, reserved 1048576K
}

Dll operation events (8 events):
Event: 0.012 Loaded shared library C:\Program Files\Java\jdk-23\bin\java.dll
Event: 0.041 Loaded shared library C:\Program Files\Java\jdk-23\bin\jsvml.dll
Event: 0.057 Loaded shared library C:\Program Files\Java\jdk-23\bin\net.dll
Event: 0.059 Loaded shared library C:\Program Files\Java\jdk-23\bin\nio.dll
Event: 0.062 Loaded shared library C:\Program Files\Java\jdk-23\bin\zip.dll
Event: 0.151 Loaded shared library C:\Program Files\Java\jdk-23\bin\jimage.dll
Event: 0.152 Loaded shared library C:\Users\Kharlyne\Downloads\apache-maven-3.9.9-bin\apache-maven-3.9.9\lib\jansi-native\Windows\x86_64\jansi.dll
Event: 0.164 Loaded shared library C:\Program Files\Java\jdk-23\bin\verify.dll

Deoptimization events (20 events):
Event: 4.660 Thread 0x00000260909b5de0 Uncommon trap: trap_request=0xffffff45 fr.pc=0x00000260a3309048 relative=0x0000000000000d08
Event: 4.660 Thread 0x00000260909b5de0 Uncommon trap: reason=unstable_if action=reinterpret pc=0x00000260a3309048 method=java.time.LocalDateTime.compareTo0(Ljava/time/LocalDateTime;)I @ 13 c2
Event: 4.660 Thread 0x00000260909b5de0 DEOPT PACKING pc=0x00000260a3309048 sp=0x0000007d112fcb60
Event: 4.660 Thread 0x00000260909b5de0 DEOPT UNPACKING pc=0x00000260a2bc4402 sp=0x0000007d112fca38 mode 2
Event: 4.728 Thread 0x00000260909b5de0 Uncommon trap: trap_request=0xffffff45 fr.pc=0x00000260a32fa8dc relative=0x000000000000005c
Event: 4.728 Thread 0x00000260909b5de0 Uncommon trap: reason=unstable_if action=reinterpret pc=0x00000260a32fa8dc method=com.sun.tools.javac.jvm.PoolReader.sizeof(I)I @ 1 c2
Event: 4.728 Thread 0x00000260909b5de0 DEOPT PACKING pc=0x00000260a32fa8dc sp=0x0000007d112fce50
Event: 4.728 Thread 0x00000260909b5de0 DEOPT UNPACKING pc=0x00000260a2bc4402 sp=0x0000007d112fcde0 mode 2
Event: 5.830 Thread 0x00000260909b5de0 Uncommon trap: trap_request=0xffffffc6 fr.pc=0x00000260a331be4c relative=0x00000000000009ac
Event: 5.830 Thread 0x00000260909b5de0 Uncommon trap: reason=bimorphic_or_optimized_type_check action=maybe_recompile pc=0x00000260a331be4c method=java.util.HashMap.computeIfAbsent(Ljava/lang/Object;Ljava/util/function/Function;)Ljava/lang/Object; @ 142 c2
Event: 5.830 Thread 0x00000260909b5de0 DEOPT PACKING pc=0x00000260a331be4c sp=0x0000007d112fcad0
Event: 5.830 Thread 0x00000260909b5de0 DEOPT UNPACKING pc=0x00000260a2bc4402 sp=0x0000007d112fca98 mode 2
Event: 5.842 Thread 0x00000260909b5de0 Uncommon trap: trap_request=0xffffffc6 fr.pc=0x00000260a331be4c relative=0x00000000000009ac
Event: 5.842 Thread 0x00000260909b5de0 Uncommon trap: reason=bimorphic_or_optimized_type_check action=maybe_recompile pc=0x00000260a331be4c method=java.util.HashMap.computeIfAbsent(Ljava/lang/Object;Ljava/util/function/Function;)Ljava/lang/Object; @ 142 c2
Event: 5.842 Thread 0x00000260909b5de0 DEOPT PACKING pc=0x00000260a331be4c sp=0x0000007d112fc610
Event: 5.842 Thread 0x00000260909b5de0 DEOPT UNPACKING pc=0x00000260a2bc4402 sp=0x0000007d112fc5d8 mode 2
Event: 5.842 Thread 0x00000260909b5de0 Uncommon trap: trap_request=0xffffffc6 fr.pc=0x00000260a331be4c relative=0x00000000000009ac
Event: 5.842 Thread 0x00000260909b5de0 Uncommon trap: reason=bimorphic_or_optimized_type_check action=maybe_recompile pc=0x00000260a331be4c method=java.util.HashMap.computeIfAbsent(Ljava/lang/Object;Ljava/util/function/Function;)Ljava/lang/Object; @ 142 c2
Event: 5.842 Thread 0x00000260909b5de0 DEOPT PACKING pc=0x00000260a331be4c sp=0x0000007d112fc610
Event: 5.842 Thread 0x00000260909b5de0 DEOPT UNPACKING pc=0x00000260a2bc4402 sp=0x0000007d112fc5d8 mode 2

Classes loaded (20 events):
Event: 4.678 Loading class sun/nio/fs/WindowsDirectoryStream
Event: 4.679 Loading class sun/nio/fs/WindowsDirectoryStream done
Event: 4.679 Loading class sun/nio/fs/WindowsDirectoryStream$WindowsDirectoryIterator
Event: 4.679 Loading class sun/nio/fs/WindowsDirectoryStream$WindowsDirectoryIterator done
Event: 4.679 Loading class java/nio/file/Files$2
Event: 4.679 Loading class java/nio/file/Files$2 done
Event: 4.679 Loading class java/util/ImmutableCollections$Access
Event: 4.679 Loading class java/util/ImmutableCollections$Access done
Event: 4.679 Loading class java/util/ImmutableCollections$Access$1
Event: 4.679 Loading class jdk/internal/access/JavaUtilCollectionAccess
Event: 4.680 Loading class jdk/internal/access/JavaUtilCollectionAccess done
Event: 4.680 Loading class java/util/ImmutableCollections$Access$1 done
Event: 4.681 Loading class sun/nio/fs/WindowsPath$WindowsPathWithAttributes
Event: 4.681 Loading class sun/nio/fs/WindowsPath$WindowsPathWithAttributes done
Event: 4.702 Loading class java/nio/file/FileTreeWalker$1
Event: 4.702 Loading class java/nio/file/FileTreeWalker$1 done
Event: 5.817 Loading class java/util/stream/ReduceOps$1
Event: 5.817 Loading class java/util/stream/ReduceOps$1 done
Event: 5.818 Loading class java/util/stream/ReduceOps$1ReducingSink
Event: 5.818 Loading class java/util/stream/ReduceOps$1ReducingSink done

Classes unloaded (0 events):
No events

Classes redefined (0 events):
No events

Internal exceptions (20 events):
Event: 5.856 Thread 0x00000260909b5de0 Exception <a 'sun/nio/fs/WindowsException'{0x00000000ce089850}> (0x00000000ce089850) 
thrown [s\open\src\hotspot\share\prims\jni.cpp, line 520]
Event: 5.856 Thread 0x00000260909b5de0 Exception <a 'sun/nio/fs/WindowsException'{0x00000000ce08ac08}> (0x00000000ce08ac08) 
thrown [s\open\src\hotspot\share\prims\jni.cpp, line 520]
Event: 5.856 Thread 0x00000260909b5de0 Exception <a 'sun/nio/fs/WindowsException'{0x00000000ce08c0d0}> (0x00000000ce08c0d0) 
thrown [s\open\src\hotspot\share\prims\jni.cpp, line 520]
Event: 5.857 Thread 0x00000260909b5de0 Exception <a 'sun/nio/fs/WindowsException'{0x00000000ce08cdb0}> (0x00000000ce08cdb0) 
thrown [s\open\src\hotspot\share\prims\jni.cpp, line 520]
Event: 5.857 Thread 0x00000260909b5de0 Exception <a 'sun/nio/fs/WindowsException'{0x00000000ce0955e8}> (0x00000000ce0955e8) 
thrown [s\open\src\hotspot\share\prims\jni.cpp, line 520]
Event: 5.858 Thread 0x00000260909b5de0 Exception <a 'sun/nio/fs/WindowsException'{0x00000000ce0a3be8}> (0x00000000ce0a3be8) 
thrown [s\open\src\hotspot\share\prims\jni.cpp, line 520]
Event: 5.858 Thread 0x00000260909b5de0 Exception <a 'sun/nio/fs/WindowsException'{0x00000000ce0c0500}> (0x00000000ce0c0500) 
thrown [s\open\src\hotspot\share\prims\jni.cpp, line 520]
Event: 5.858 Thread 0x00000260909b5de0 Exception <a 'sun/nio/fs/WindowsException'{0x00000000ce0c14b8}> (0x00000000ce0c14b8) 
thrown [s\open\src\hotspot\share\prims\jni.cpp, line 520]
Event: 5.859 Thread 0x00000260909b5de0 Exception <a 'sun/nio/fs/WindowsException'{0x00000000ce0d81a8}> (0x00000000ce0d81a8) 
thrown [s\open\src\hotspot\share\prims\jni.cpp, line 520]
Event: 5.859 Thread 0x00000260909b5de0 Exception <a 'sun/nio/fs/WindowsException'{0x00000000ce0dbb28}> (0x00000000ce0dbb28) 
thrown [s\open\src\hotspot\share\prims\jni.cpp, line 520]
Event: 5.859 Thread 0x00000260909b5de0 Exception <a 'sun/nio/fs/WindowsException'{0x00000000ce0e1fa0}> (0x00000000ce0e1fa0) 
thrown [s\open\src\hotspot\share\prims\jni.cpp, line 520]
Event: 5.859 Thread 0x00000260909b5de0 Exception <a 'sun/nio/fs/WindowsException'{0x00000000ce0e2f88}> (0x00000000ce0e2f88) 
thrown [s\open\src\hotspot\share\prims\jni.cpp, line 520]
Event: 5.869 Thread 0x00000260909b5de0 Exception <a 'sun/nio/fs/WindowsException'{0x00000000cd086998}> (0x00000000cd086998) 
thrown [s\open\src\hotspot\share\prims\jni.cpp, line 520]
Event: 5.869 Thread 0x00000260909b5de0 Exception <a 'sun/nio/fs/WindowsException'{0x00000000cd089c88}> (0x00000000cd089c88) 
thrown [s\open\src\hotspot\share\prims\jni.cpp, line 520]
Event: 5.869 Thread 0x00000260909b5de0 Exception <a 'sun/nio/fs/WindowsException'{0x00000000cd08ecc8}> (0x00000000cd08ecc8) 
thrown [s\open\src\hotspot\share\prims\jni.cpp, line 520]
Event: 5.869 Thread 0x00000260909b5de0 Exception <a 'sun/nio/fs/WindowsException'{0x00000000cd08ff18}> (0x00000000cd08ff18) 
thrown [s\open\src\hotspot\share\prims\jni.cpp, line 520]
Event: 5.870 Thread 0x00000260909b5de0 Exception <a 'sun/nio/fs/WindowsException'{0x00000000cd093988}> (0x00000000cd093988) 
thrown [s\open\src\hotspot\share\prims\jni.cpp, line 520]
Event: 5.870 Thread 0x00000260909b5de0 Exception <a 'sun/nio/fs/WindowsException'{0x00000000cd0984c8}> (0x00000000cd0984c8) 
thrown [s\open\src\hotspot\share\prims\jni.cpp, line 520]
Event: 5.870 Thread 0x00000260909b5de0 Exception <a 'sun/nio/fs/WindowsException'{0x00000000cd0a30b8}> (0x00000000cd0a30b8) 
thrown [s\open\src\hotspot\share\prims\jni.cpp, line 520]
Event: 5.870 Thread 0x00000260909b5de0 Exception <a 'sun/nio/fs/WindowsException'{0x00000000cd0a4320}> (0x00000000cd0a4320) 
thrown [s\open\src\hotspot\share\prims\jni.cpp, line 520]

VM Operations (20 events):
Event: 4.408 Executing VM operation: HandshakeAllThreads (Deoptimize)
Event: 4.408 Executing VM operation: HandshakeAllThreads (Deoptimize) done
Event: 4.438 Executing VM operation: HandshakeAllThreads (Deoptimize)
Event: 4.438 Executing VM operation: HandshakeAllThreads (Deoptimize) done
Event: 4.479 Executing VM operation: HandshakeAllThreads (Deoptimize)
Event: 4.479 Executing VM operation: HandshakeAllThreads (Deoptimize) done
Event: 4.479 Executing VM operation: HandshakeAllThreads (Deoptimize)
Event: 4.479 Executing VM operation: HandshakeAllThreads (Deoptimize) done
Event: 4.483 Executing VM operation: HandshakeAllThreads (Deoptimize)
Event: 4.483 Executing VM operation: HandshakeAllThreads (Deoptimize) done
Event: 4.525 Executing VM operation: HandshakeAllThreads (Deoptimize)
Event: 4.525 Executing VM operation: HandshakeAllThreads (Deoptimize) done
Event: 4.682 Executing VM operation: HandshakeAllThreads (Deoptimize)
Event: 4.682 Executing VM operation: HandshakeAllThreads (Deoptimize) done
Event: 4.751 Executing VM operation: HandshakeAllThreads (Deoptimize)
Event: 4.751 Executing VM operation: HandshakeAllThreads (Deoptimize) done
Event: 4.791 Executing VM operation: G1CollectForAllocation (G1 Evacuation Pause)
Event: 5.816 Executing VM operation: G1CollectForAllocation (G1 Evacuation Pause) done
Event: 5.818 Executing VM operation: HandshakeAllThreads (Deoptimize)
Event: 5.818 Executing VM operation: HandshakeAllThreads (Deoptimize) done

Memory protections (0 events):
No events

Nmethod flushes (0 events):
No events

Events (16 events):
Event: 0.027 Thread 0x00000260909b5de0 Thread added: 0x00000260909b5de0
Event: 0.040 Thread 0x00000260909b5de0 Thread added: 0x00000260ae861e90
Event: 0.040 Thread 0x00000260909b5de0 Thread added: 0x00000260ae864900
Event: 0.040 Thread 0x00000260909b5de0 Thread added: 0x00000260ae865820
Event: 0.040 Thread 0x00000260909b5de0 Thread added: 0x00000260ae866700
Event: 0.040 Thread 0x00000260909b5de0 Thread added: 0x00000260ae86f170
Event: 0.040 Thread 0x00000260909b5de0 Thread added: 0x00000260ae86fd00
Event: 0.040 Thread 0x00000260909b5de0 Thread added: 0x00000260ae8757a0
Event: 0.040 Thread 0x00000260909b5de0 Thread added: 0x00000260ae889460
Event: 0.051 Thread 0x00000260909b5de0 Thread added: 0x00000260ae9d1ed0
Event: 0.053 Thread 0x00000260909b5de0 Thread added: 0x00000260ae9d8d70
Event: 0.150 Thread 0x00000260909b5de0 Thread added: 0x00000260aec05a90
Event: 0.233 Thread 0x00000260aec05a90 Thread exited: 0x00000260aec05a90
Event: 0.287 Thread 0x00000260ae889460 Thread added: 0x00000260ae88a200
Event: 1.389 Thread 0x00000260909b5de0 Thread added: 0x00000260f512bde0
Event: 4.110 Thread 0x00000260ae88a200 Thread exited: 0x00000260ae88a200


Dynamic libraries:
0x00007ff629880000 - 0x00007ff629890000 	C:\Program Files\Java\jdk-23\bin\java.exe
0x00007fffa8980000 - 0x00007fffa8be6000 	C:\WINDOWS\SYSTEM32\ntdll.dll
0x00007fffa7510000 - 0x00007fffa75d9000 	C:\WINDOWS\System32\KERNEL32.DLL
0x00007fffa5e90000 - 0x00007fffa625c000 	C:\WINDOWS\System32\KERNELBASE.dll
0x00007fffa5bc0000 - 0x00007fffa5d0b000 	C:\WINDOWS\System32\ucrtbase.dll
0x00007fff936d0000 - 0x00007fff936e7000 	C:\Program Files\Java\jdk-23\bin\jli.dll
0x00007fff9dc60000 - 0x00007fff9dc7b000 	C:\Program Files\Java\jdk-23\bin\VCRUNTIME140.dll
0x00007fffa8020000 - 0x00007fffa81ea000 	C:\WINDOWS\System32\USER32.dll
0x00007fffa65d0000 - 0x00007fffa65f7000 	C:\WINDOWS\System32\win32u.dll
0x00007fffa4cf0000 - 0x00007fffa4f8a000 	C:\WINDOWS\WinSxS\amd64_microsoft.windows.common-controls_6595b64144ccf1df_6.0.26100.3912_none_3e07963ce335137e\COMCTL32.dll
0x00007fffa68b0000 - 0x00007fffa68db000 	C:\WINDOWS\System32\GDI32.dll
0x00007fffa7bb0000 - 0x00007fffa7c59000 	C:\WINDOWS\System32\msvcrt.dll
0x00007fffa6600000 - 0x00007fffa6732000 	C:\WINDOWS\System32\gdi32full.dll
0x00007fffa5b10000 - 0x00007fffa5bb3000 	C:\WINDOWS\System32\msvcp_win.dll
0x00007fffa69e0000 - 0x00007fffa6a10000 	C:\WINDOWS\System32\IMM32.DLL
0x00007fffa1a90000 - 0x00007fffa1a9c000 	C:\Program Files\Java\jdk-23\bin\vcruntime140_1.dll
0x00007fff65130000 - 0x00007fff651be000 	C:\Program Files\Java\jdk-23\bin\msvcp140.dll
0x00007fff23440000 - 0x00007fff2418f000 	C:\Program Files\Java\jdk-23\bin\server\jvm.dll
0x00007fffa7cc0000 - 0x00007fffa7d72000 	C:\WINDOWS\System32\ADVAPI32.dll
0x00007fffa7800000 - 0x00007fffa78a6000 	C:\WINDOWS\System32\sechost.dll
0x00007fffa7e80000 - 0x00007fffa7f96000 	C:\WINDOWS\System32\RPCRT4.dll
0x00007fffa7e00000 - 0x00007fffa7e74000 	C:\WINDOWS\System32\WS2_32.dll
0x00007fffa5980000 - 0x00007fffa59de000 	C:\WINDOWS\SYSTEM32\POWRPROF.dll
0x00007fff9b080000 - 0x00007fff9b0b6000 	C:\WINDOWS\SYSTEM32\WINMM.dll
0x00007fff9d7f0000 - 0x00007fff9d7fb000 	C:\WINDOWS\SYSTEM32\VERSION.dll
0x00007fffa5960000 - 0x00007fffa5974000 	C:\WINDOWS\SYSTEM32\UMPDC.dll
0x00007fffa3f70000 - 0x00007fffa3f8a000 	C:\WINDOWS\SYSTEM32\kernel.appcore.dll
0x00007fff9f980000 - 0x00007fff9f98a000 	C:\Program Files\Java\jdk-23\bin\jimage.dll
0x00007fffa52a0000 - 0x00007fffa54e1000 	C:\WINDOWS\SYSTEM32\DBGHELP.DLL
0x00007fffa7030000 - 0x00007fffa73b4000 	C:\WINDOWS\System32\combase.dll
0x00007fffa68f0000 - 0x00007fffa69d0000 	C:\WINDOWS\System32\OLEAUT32.dll
0x00007fffa5190000 - 0x00007fffa51c9000 	C:\WINDOWS\SYSTEM32\dbgcore.DLL
0x00007fffa63b0000 - 0x00007fffa6449000 	C:\WINDOWS\System32\bcryptPrimitives.dll
0x00007fff8d6e0000 - 0x00007fff8d6fe000 	C:\Program Files\Java\jdk-23\bin\java.dll
0x00007fffa7650000 - 0x00007fffa77ef000 	C:\WINDOWS\System32\ole32.dll
0x00007fffa8210000 - 0x00007fffa893d000 	C:\WINDOWS\System32\SHELL32.dll
0x00007fffa6450000 - 0x00007fffa65c4000 	C:\WINDOWS\System32\wintypes.dll
0x00007fffa2e50000 - 0x00007fffa36a6000 	C:\WINDOWS\SYSTEM32\windows.storage.dll
0x00007fffa7ab0000 - 0x00007fffa7b9f000 	C:\WINDOWS\System32\SHCORE.dll
0x00007fffa75e0000 - 0x00007fffa7649000 	C:\WINDOWS\System32\shlwapi.dll
0x00007fffa5a20000 - 0x00007fffa5a4f000 	C:\WINDOWS\SYSTEM32\profapi.dll
0x00007fff65050000 - 0x00007fff65127000 	C:\Program Files\Java\jdk-23\bin\jsvml.dll
0x00007fff9dc50000 - 0x00007fff9dc60000 	C:\Program Files\Java\jdk-23\bin\net.dll
0x00007fffa4540000 - 0x00007fffa45aa000 	C:\WINDOWS\system32\mswsock.dll
0x00007fff8d590000 - 0x00007fff8d5a6000 	C:\Program Files\Java\jdk-23\bin\nio.dll
0x00007fff8d3f0000 - 0x00007fff8d407000 	C:\Program Files\Java\jdk-23\bin\zip.dll
0x00007fff86db0000 - 0x00007fff86dd4000 	C:\Users\Kharlyne\Downloads\apache-maven-3.9.9-bin\apache-maven-3.9.9\lib\jansi-native\Windows\x86_64\jansi.dll
0x00007fff9d900000 - 0x00007fff9d910000 	C:\Program Files\Java\jdk-23\bin\verify.dll

dbghelp: loaded successfully - version: 4.0.5 - missing functions: none
symbol engine: initialized successfully - sym options: 0x614 - pdb path: .;C:\Program Files\Java\jdk-23\bin;C:\WINDOWS\SYSTEM32;C:\WINDOWS\WinSxS\amd64_microsoft.windows.common-controls_6595b64144ccf1df_6.0.26100.3912_none_3e07963ce335137e;C:\Program Files\Java\jdk-23\bin\server;C:\Users\Kharlyne\Downloads\apache-maven-3.9.9-bin\apache-maven-3.9.9\lib\jansi-native\Windows\x86_64

VM Arguments:
jvm_args: -Dclassworlds.conf=C:\Users\Kharlyne\Downloads\apache-maven-3.9.9-bin\apache-maven-3.9.9\bin\m2.conf -Dmaven.home=C:\Users\Kharlyne\Downloads\apache-maven-3.9.9-bin\apache-maven-3.9.9 -Dlibrary.jansi.path=C:\Users\Kharlyne\Downloads\apache-maven-3.9.9-bin\apache-maven-3.9.9\lib\jansi-native -Dmaven.multiModuleProjectDirectory=C:\Users\Kharlyne\Downloads\SWTP\TippHubPlattform\Backend 
java_command: org.codehaus.plexus.classworlds.launcher.Launcher compile exec:java
java_class_path (initial): C:\Users\Kharlyne\Downloads\apache-maven-3.9.9-bin\apache-maven-3.9.9\boot\plexus-classworlds-2.8.0.jar
Launcher Type: SUN_STANDARD

[Global flags]
     intx CICompilerCount                          = 4                                         {product} {ergonomic}
     uint ConcGCThreads                            = 3                                         {product} {ergonomic}
     uint G1ConcRefinementThreads                  = 10                                        {product} {ergonomic}
   size_t G1HeapRegionSize                         = 1048576                                   {product} {ergonomic}
   size_t InitialHeapSize                          = 56623104                                  {product} {ergonomic}
   size_t MarkStackSize                            = 4194304                                   {product} {ergonomic}
   size_t MarkStackSizeMax                         = 536870912                                 {product} {ergonomic}
   size_t MaxHeapSize                              = 899678208                                 {product} {ergonomic}
   size_t MaxNewSize                               = 538968064                                 {product} {ergonomic}
   size_t MinHeapDeltaBytes                        = 1048576                                   {product} {ergonomic}
   size_t MinHeapSize                              = 8388608                                   {product} {ergonomic}
    uintx NonNMethodCodeHeapSize                   = 5832704                                {pd product} {ergonomic}
    uintx NonProfiledCodeHeapSize                  = 122945536                              {pd product} {ergonomic}
    uintx ProfiledCodeHeapSize                     = 122880000                              {pd product} {ergonomic}
    uintx ReservedCodeCacheSize                    = 251658240                              {pd product} {ergonomic}
     bool SegmentedCodeCache                       = true                                      {product} {ergonomic}
   size_t SoftMaxHeapSize                          = 899678208                              {manageable} {ergonomic}
     bool UseCompressedOops                        = true                           {product lp64_product} {ergonomic}
     bool UseG1GC                                  = true                                      {product} {ergonomic}
     bool UseLargePagesIndividualAllocation        = false                                  {pd product} {ergonomic}

Logging:
Log output configuration:
 #0: stdout all=warning uptime,level,tags foldmultilines=false
 #1: stderr all=off uptime,level,tags foldmultilines=false

Environment Variables:
PATH=C:\Program Files\Common Files\Oracle\Java\javapath;C:\WINDOWS\system32;C:\WINDOWS;C:\WINDOWS\System32\Wbem;C:\WINDOWS\System32\WindowsPowerShell\v1.0\;C:\WINDOWS\System32\OpenSSH\;C:\Program Files\Java\jdk-20\bin;C:\Program Files\Git\cmd;C:\ProgramData\chocolatey\bin;C:\Program Files\Docker\Docker\resources\bin;C:\gradle-8.9\bin;C:\gradle-8.9\bin;C:\Program Files\Graphviz\bin;C:\Users\Kharlyne\Desktop\PWT\apache-maven-3.9.9-bin\apache-maven-3.9.9\bin;C:\Program Files\nodejs\;C:\Users\Kharlyne\AppData\Local\Microsoft\WindowsApps;C:\Users\Kharlyne\AppData\Local\Programs\Microsoft VS Code\bin;C:\Program Files\JetBrains\CLion 2023.3.4\bin;;C:\Program Files\JetBrains\IntelliJ IDEA 2024.1\bin;;C:\Program Files\PostgreSQL\16\bin;C:\Users\Kharlyne\Downloads\apache-maven-3.9.9-bin\apache-maven-3.9.9\bin;C:\Users\Kharlyne\AppData\Local\Programs\MiKTeX\miktex\bin\x64\;C:\Users\Kharlyne\AppData\Roaming\npm
USERNAME=Kharlyne
LANG=en_US.UTF-8
OS=Windows_NT
PROCESSOR_IDENTIFIER=AMD64 Family 25 Model 80 Stepping 0, AuthenticAMD
TMP=C:\Users\Kharlyne\AppData\Local\Temp
TEMP=C:\Users\Kharlyne\AppData\Local\Temp




Periodic native trim disabled

---------------  S Y S T E M  ---------------

OS:
 Windows 11 , 64 bit Build 26100 (10.0.26100.3912)
OS uptime: 1 days 17:08 hours
Hyper-V role detected

CPU: total 12 (initial active 12) (12 cores per cpu, 2 threads per core) family 25 model 80 stepping 0 microcode 0xa50000d, cx8, cmov, fxsr, ht, mmx, 3dnowpref, sse, sse2, sse3, ssse3, sse4a, sse4.1, sse4.2, popcnt, lzcnt, tsc, tscinvbit, avx, avx2, aes, erms, clmul, bmi1, bmi2, adx, sha, fma, vzeroupper, clflush, clflushopt, hv, rdtscp, rdpid, fsrm, f16c, cet_ss
Processor Information for processor 0
  Max Mhz: 3301, Current Mhz: 2011, Mhz Limit: 3301
Processor Information for processor 1
  Max Mhz: 3301, Current Mhz: 3301, Mhz Limit: 3301
Processor Information for processor 2
  Max Mhz: 3301, Current Mhz: 2011, Mhz Limit: 3301
Processor Information for processor 3
  Max Mhz: 3301, Current Mhz: 3301, Mhz Limit: 3301
Processor Information for processor 4
  Max Mhz: 3301, Current Mhz: 3301, Mhz Limit: 3301
Processor Information for processor 5
  Max Mhz: 3301, Current Mhz: 2011, Mhz Limit: 3301
Processor Information for processor 6
  Max Mhz: 3301, Current Mhz: 2011, Mhz Limit: 3301
Processor Information for processor 7
  Max Mhz: 3301, Current Mhz: 3301, Mhz Limit: 3301
Processor Information for processor 8
  Max Mhz: 3301, Current Mhz: 2011, Mhz Limit: 3301
Processor Information for processor 9
  Max Mhz: 3301, Current Mhz: 2011, Mhz Limit: 3301
Processor Information for processor 10
  Max Mhz: 3301, Current Mhz: 3301, Mhz Limit: 3301
Processor Information for processor 11
  Max Mhz: 3301, Current Mhz: 2011, Mhz Limit: 3301

Memory: 4k page, system-wide physical 3425M (131M free)
TotalPageFile size 14177M (AvailPageFile size 16M)
current process WorkingSet (physical memory assigned to process): 173M, peak: 180M
current process commit charge ("private bytes"): 218M, peak: 220M

vm_info: Java HotSpot(TM) 64-Bit Server VM (23.0.1+11-39) for windows-amd64 JRE (23.0.1+11-39), built on 2024-09-30T07:20:43Z with MS VC++ 17.6 (VS2022)

END.
